returncode=0
runtime_s=6.699940
--- stdout ---
lbv_0063 ok 5.59s
status
completed    1
results\logs\lbv_case_workspace\MEI_2021\lbv_0063_result.csv

--- stderr ---
C:\Users\30962\Documents\cantera\scripts\run_lbv_validation.py:30: UserWarning: NasaPoly2::validate: 
For species FN2, discontinuity in cp/R detected at Tmid = 1000
	Value computed using low-temperature polynomial:  83.48840499999999
	Value computed using high-temperature polynomial: 85.411837904

  gas = ct.Solution(str(args.mechanism))
C:\Users\30962\Documents\cantera\scripts\run_lbv_validation.py:30: UserWarning: NasaPoly2::validate: 
For species FN2, discontinuity in h/RT detected at Tmid = 1000
	Value computed using low-temperature polynomial:  84.43967206333335
	Value computed using high-temperature polynomial: 84.15778749879999

  gas = ct.Solution(str(args.mechanism))
C:\Users\30962\Documents\cantera\scripts\run_lbv_validation.py:30: UserWarning: NasaPoly2::validate: 
For species FN2, discontinuity in s/R detected at Tmid = 1000
	Value computed using low-temperature polynomial:  130.12903194336144
	Value computed using high-temperature polynomial: 129.8739757260846

  gas = ct.Solution(str(args.mechanism))
C:\Users\30962\Documents\cantera\scripts\run_lbv_validation.py:30: UserWarning: Kinetics::checkDuplicates: 
*******************************************************************************
InputFileError thrown by Kinetics::checkDuplicates:
Error on lines 753 and 844 of ./mechanisms\converted\MEI_2021_normalized.yaml:
Undeclared duplicate third body reactions with a common third body detected.
Add the field 'explicit-third-body-duplicates: mark-duplicate' or
'explicit-third-body-duplicates: modify-efficiency' to the YAML phase entry
to choose how these reactions should be handled and suppress this warning.
Reaction 6: 2 H + O2 <=> H2 + O2
Reaction 21: H2 + M <=> 2 H + M

|  Line |
|   748 |     M. Sangwan, L. N. Krasnoperov, The Journal of Physical Chemistry A 116 (2012) 11817?1822.                                                                                  
|   749 | - equation: OH + OH <=> O + H2O  # Reaction 5
|   750 |   duplicate: true
|   751 |   rate-constant: {A: -2.697e+10, b: 0.567, Ea: 0.0}
|   752 |   negative-A: true
>   753 > - equation: H2 + M <=> H + H + M  # Reaction 6
            ^
|   754 |   type: three-body
|   755 |   rate-constant: {A: 4.577e+19, b: -1.4, Ea: 1.0438e+05}
|   756 |   efficiencies: {H2: 2.5, H2O: 12.0, CO: 1.9, CO2: 3.8, AR: 0.0, HE: 
...
|   839 |   note: |
|   840 |     M. P. Burke, S. J. Klippenstein, L. B. Harding, Proceedings of the Combustion Institute 34 (2013) 547?55.                                                                  
|   841 | - equation: HO2 + OH <=> H2O + O2  # Reaction 20
|   842 |   duplicate: true
|   843 |   rate-constant: {A: 1.21e+09, b: 1.24, Ea: -1310.0}
>   844 > - equation: H + O2 + H <=> H2 + O2  # Reaction 21
            ^
|   845 |   rate-constant: {A: 8.8e+22, b: -1.835, Ea: 800.0}
|   846 |   note: |
|   847 |     M. Burke, S. Klippenstein, Nature Chemistry, 9, 1078¨C1082 (2017)
*******************************************************************************

  gas = ct.Solution(str(args.mechanism))
C:\Users\30962\Documents\cantera\scripts\run_lbv_validation.py:30: UserWarning: Kinetics::checkDuplicates: 
*******************************************************************************
InputFileError thrown by Kinetics::checkDuplicates:
Error on lines 782 and 850 of ./mechanisms\converted\MEI_2021_normalized.yaml:
Undeclared duplicate third body reactions with a common third body detected.
Add the field 'explicit-third-body-duplicates: mark-duplicate' or
'explicit-third-body-duplicates: modify-efficiency' to the YAML phase entry
to choose how these reactions should be handled and suppress this warning.
Reaction 12: H + O + O2 <=> OH + O2
Reaction 23: H + O + M <=> OH + M

|  Line |
|   777 |   rate-constant: {A: 1.886e+13, b: 0.0, Ea: -1788.0}
|   778 |   note: |
|   779 |     Tsang and Hampson, J. Phys. Chem. Ref. Data, 15:1087 (1986)                                                                                                                
|   780 | - equation: O + O + HE <=> O2 + HE  # Reaction 11
|   781 |   rate-constant: {A: 1.886e+13, b: 0.0, Ea: -1788.0}
>   782 > - equation: O + H + M <=> OH + M  # Reaction 12
            ^
|   783 |   type: three-body
|   784 |   rate-constant: {A: 4.714e+18, b: -1.0, Ea: 0.0}
|   785 |   efficiencies: {H2: 2.5, H2O: 12.0, AR: 0.75, HE: 0.75, CO: 1.9, CO2: 
...
|   845 |   rate-constant: {A: 8.8e+22, b: -1.835, Ea: 800.0}
|   846 |   note: |
|   847 |     M. Burke, S. Klippenstein, Nature Chemistry, 9, 1078¨C1082 (2017)
|   848 | - equation: H + O2 + H <=> OH + OH  # Reaction 22
|   849 |   rate-constant: {A: 4.0e+22, b: -1.835, Ea: 800.0}
>   850 > - equation: H + O2 + O <=> OH + O2  # Reaction 23
            ^
|   851 |   rate-constant: {A: 7.35e+22, b: -1.835, Ea: 800.0}
|   852 | - equation: H + O2 + OH <=> H2O + O2  # Reaction 24
|   853 |   rate-constant: {A: 2.56e+22, b: -1.835, Ea: 800.0}
*******************************************************************************

  gas = ct.Solution(str(args.mechanism))
C:\Users\30962\Documents\cantera\scripts\run_lbv_validation.py:30: UserWarning: Kinetics::checkDuplicates: 
*******************************************************************************
InputFileError thrown by Kinetics::checkDuplicates:
Error on lines 789 and 852 of ./mechanisms\converted\MEI_2021_normalized.yaml:
Undeclared duplicate third body reactions with a common third body detected.
Add the field 'explicit-third-body-duplicates: mark-duplicate' or
'explicit-third-body-duplicates: modify-efficiency' to the YAML phase entry
to choose how these reactions should be handled and suppress this warning.
Reaction 13: H + OH + O2 <=> H2O + O2
Reaction 24: H2O + M <=> H + OH + M

|  Line |
|   784 |   rate-constant: {A: 4.714e+18, b: -1.0, Ea: 0.0}
|   785 |   efficiencies: {H2: 2.5, H2O: 12.0, AR: 0.75, HE: 0.75, CO: 1.9, CO2: 
|   786 |       3.8}
|   787 |   note: |
|   788 |     Tsang and Hampson, J. Phys. Chem. Ref. Data, 15:1087 (1986)                                                                                                                
>   789 > - equation: H2O + M <=> H + OH + M  # Reaction 13
            ^
|   790 |   type: three-body
|   791 |   rate-constant: {A: 6.064e+27, b: -3.322, Ea: 1.2079e+05}
|   792 |   efficiencies: {H2: 3.0, H2O: 0.0, HE: 1.1, N2: 2.0, FN2: 2.0, O2: 
...
|   847 |     M. Burke, S. Klippenstein, Nature Chemistry, 9, 1078¨C1082 (2017)
|   848 | - equation: H + O2 + H <=> OH + OH  # Reaction 22
|   849 |   rate-constant: {A: 4.0e+22, b: -1.835, Ea: 800.0}
|   850 | - equation: H + O2 + O <=> OH + O2  # Reaction 23
|   851 |   rate-constant: {A: 7.35e+22, b: -1.835, Ea: 800.0}
>   852 > - equation: H + O2 + OH <=> H2O + O2  # Reaction 24
            ^
|   853 |   rate-constant: {A: 2.56e+22, b: -1.835, Ea: 800.0}
|   854 | - equation: HO2 + HO2 <=> H2O2 + O2  # Reaction 25
|   855 |   duplicate: true
*******************************************************************************

  gas = ct.Solution(str(args.mechanism))
